ORDER: order_ScF7j2Om5tXwbr
PAYMENT: pay_ScF7x9wGiYhjWV
GENERATED: 9caed1773694ce263b78c52108b2ce4f597aa3f411b9c2b083aaab3ac8940033
RECEIVED: 9caed1773694ce263b78c52108b2ce4f597aa3f411b9c2b083aaab3ac8940033

ORDER: order_ScFBDcH0IBLK5P
PAYMENT: pay_ScFBQl0ZVzeqHc
GENERATED: f494475f0c5c4ec94dbf98e480a8ee53dddfa28c4c1614ec23f653f73d0017a2
RECEIVED: f494475f0c5c4ec94dbf98e480a8ee53dddfa28c4c1614ec23f653f73d0017a2

ORDER: order_ScFGcsSOZlUsqu
PAYMENT: pay_ScFGmhJbinLh2P
GENERATED: 073836caeb39a71eb6aaa437b18ca75114f23cfbd6de8ed3a8487b27a98cf73e
RECEIVED: 073836caeb39a71eb6aaa437b18ca75114f23cfbd6de8ed3a8487b27a98cf73e

ORDER: order_ScFPwFMrJFprJJ
PAYMENT: pay_ScFQ8jMVwMovwj
GENERATED: fc4e6e236110b743caad9ef16622211693c94044efb18f5d71d04c7b47a36918
RECEIVED: fc4e6e236110b743caad9ef16622211693c94044efb18f5d71d04c7b47a36918

ORDER: order_ScG3q15qLaQA4l
PAYMENT: pay_ScG3zTz214ClGh
GENERATED: bddac49a76bb0ef0d98761044b0b26673a884cc42497c621fec7a06df8f148a5
RECEIVED: bddac49a76bb0ef0d98761044b0b26673a884cc42497c621fec7a06df8f148a5

